{"D:\\Assignment\\Web_API\\jobhunt360\\server\\model\\CompanyModel.js": {"path":"D:\\Assignment\\Web_API\\jobhunt360\\server\\model\\CompanyModel.js","statementMap":{"0":{"start":{"line":1,"column":17},"end":{"line":1,"column":36}},"1":{"start":{"line":3,"column":22},"end":{"line":58,"column":2}},"2":{"start":{"line":60,"column":0},"end":{"line":60,"column":58}}},"fnMap":{},"branchMap":{},"s":{"0":1,"1":1,"2":1},"f":{},"b":{},"_coverageSchema":"1a1c01bbd47fc00a2c39e90264f33305004495a9","hash":"60f1ee42b0b6e9caab28aa19d44ca4d64d75a77e"}
,"D:\\Assignment\\Web_API\\jobhunt360\\server\\model\\EventModel.js": {"path":"D:\\Assignment\\Web_API\\jobhunt360\\server\\model\\EventModel.js","statementMap":{"0":{"start":{"line":1,"column":17},"end":{"line":1,"column":36}},"1":{"start":{"line":3,"column":20},"end":{"line":42,"column":2}},"2":{"start":{"line":44,"column":0},"end":{"line":44,"column":54}}},"fnMap":{},"branchMap":{},"s":{"0":1,"1":1,"2":1},"f":{},"b":{},"_coverageSchema":"1a1c01bbd47fc00a2c39e90264f33305004495a9","hash":"8ec63d65bd3c1d4fab19c3cb7d2521acc495a830"}
,"D:\\Assignment\\Web_API\\jobhunt360\\server\\model\\JobModel.js": {"path":"D:\\Assignment\\Web_API\\jobhunt360\\server\\model\\JobModel.js","statementMap":{"0":{"start":{"line":1,"column":17},"end":{"line":1,"column":36}},"1":{"start":{"line":2,"column":0},"end":{"line":2,"column":35}},"2":{"start":{"line":4,"column":18},"end":{"line":75,"column":2}},"3":{"start":{"line":77,"column":0},"end":{"line":77,"column":50}}},"fnMap":{},"branchMap":{},"s":{"0":1,"1":1,"2":1,"3":1},"f":{},"b":{},"_coverageSchema":"1a1c01bbd47fc00a2c39e90264f33305004495a9","hash":"9214061f3cb9840e4c31706b22b8a4e52816c795"}
,"D:\\Assignment\\Web_API\\jobhunt360\\server\\model\\TodoModels.js": {"path":"D:\\Assignment\\Web_API\\jobhunt360\\server\\model\\TodoModels.js","statementMap":{"0":{"start":{"line":1,"column":17},"end":{"line":1,"column":36}},"1":{"start":{"line":3,"column":19},"end":{"line":23,"column":2}},"2":{"start":{"line":25,"column":0},"end":{"line":25,"column":52}}},"fnMap":{},"branchMap":{},"s":{"0":1,"1":1,"2":1},"f":{},"b":{},"_coverageSchema":"1a1c01bbd47fc00a2c39e90264f33305004495a9","hash":"c51e2c0478d5ac3dcd73cc2c1d98f11243792536"}
,"D:\\Assignment\\Web_API\\jobhunt360\\server\\model\\userModel.js": {"path":"D:\\Assignment\\Web_API\\jobhunt360\\server\\model\\userModel.js","statementMap":{"0":{"start":{"line":1,"column":17},"end":{"line":1,"column":36}},"1":{"start":{"line":3,"column":19},"end":{"line":174,"column":2}},"2":{"start":{"line":176,"column":0},"end":{"line":176,"column":53}}},"fnMap":{},"branchMap":{},"s":{"0":1,"1":1,"2":1},"f":{},"b":{},"_coverageSchema":"1a1c01bbd47fc00a2c39e90264f33305004495a9","hash":"8e17f6405eeba7da9d957b246e70d1ad8a226e06"}
}
